<?xml version="1.0" encoding="UTF-8" standalone="yes"?><!DOCTYPE report PUBLIC "-//JACOCO//DTD Report 1.1//EN" "report.dtd"><report name="oshi-core"><sessioninfo id="Daniels-MacBook-Pro-2.local-d949a53d" start="1636937805275" dump="1636937807378"/><sessioninfo id="Daniels-MacBook-Pro-2.local-dfd075f3" start="1636937805275" dump="1636937807747"/><sessioninfo id="Daniels-MacBook-Pro-2.local-1e74afcc" start="1636937805275" dump="1636937808404"/><sessioninfo id="Daniels-MacBook-Pro-2.local-fc7629bb" start="1636937829479" dump="1636937831348"/><sessioninfo id="Daniels-MacBook-Pro-2.local-967fdfdd" start="1636937829479" dump="1636937831625"/><sessioninfo id="Daniels-MacBook-Pro-2.local-cc068f96" start="1636937829479" dump="1636937832338"/></report>